Started GET "/static_pages/home" for 127.0.0.1 at 2019-03-18 03:01:26 +0900
Processing by StaticPagesController#home as HTML
  Rendering static_pages/home.html.erb within layouts/application
  Rendered static_pages/home.html.erb within layouts/application (3.1ms)
Completed 200 OK in 594ms (Views: 576.5ms | ActiveRecord: 0.0ms)


Started GET "/static_pages/help" for 127.0.0.1 at 2019-03-18 03:01:33 +0900
Processing by StaticPagesController#help as HTML
  Rendering static_pages/help.html.erb within layouts/application
  Rendered static_pages/help.html.erb within layouts/application (1.1ms)
Completed 200 OK in 93ms (Views: 90.0ms | ActiveRecord: 0.0ms)


Started GET "/static_pages/about" for 127.0.0.1 at 2019-03-18 14:45:04 +0900
Processing by StaticPagesController#about as HTML
  Rendering static_pages/about.html.erb within layouts/application
  Rendered static_pages/about.html.erb within layouts/application (4.2ms)
Completed 200 OK in 381ms (Views: 367.9ms | ActiveRecord: 0.0ms)


Started GET "/static_pages/home" for 127.0.0.1 at 2019-03-18 14:53:51 +0900
Processing by StaticPagesController#home as HTML
  Rendering static_pages/home.html.erb
  Rendered static_pages/home.html.erb (2.9ms)
Completed 200 OK in 15ms (Views: 8.4ms | ActiveRecord: 0.0ms)


Started GET "/static_pages/" for 127.0.0.1 at 2019-03-18 15:50:36 +0900
  
ActionController::RoutingError (No route matches [GET] "/static_pages"):
  
vendor/bundle/gems/actionpack-5.2.2.1/lib/action_dispatch/middleware/debug_exceptions.rb:65:in `call'
vendor/bundle/gems/web-console-3.7.0/lib/web_console/middleware.rb:135:in `call_app'
vendor/bundle/gems/web-console-3.7.0/lib/web_console/middleware.rb:30:in `block in call'
vendor/bundle/gems/web-console-3.7.0/lib/web_console/middleware.rb:20:in `catch'
vendor/bundle/gems/web-console-3.7.0/lib/web_console/middleware.rb:20:in `call'
vendor/bundle/gems/actionpack-5.2.2.1/lib/action_dispatch/middleware/show_exceptions.rb:33:in `call'
vendor/bundle/gems/railties-5.2.2.1/lib/rails/rack/logger.rb:38:in `call_app'
vendor/bundle/gems/railties-5.2.2.1/lib/rails/rack/logger.rb:26:in `block in call'
vendor/bundle/gems/activesupport-5.2.2.1/lib/active_support/tagged_logging.rb:71:in `block in tagged'
vendor/bundle/gems/activesupport-5.2.2.1/lib/active_support/tagged_logging.rb:28:in `tagged'
vendor/bundle/gems/activesupport-5.2.2.1/lib/active_support/tagged_logging.rb:71:in `tagged'
vendor/bundle/gems/railties-5.2.2.1/lib/rails/rack/logger.rb:26:in `call'
vendor/bundle/gems/sprockets-rails-3.2.1/lib/sprockets/rails/quiet_assets.rb:13:in `call'
vendor/bundle/gems/actionpack-5.2.2.1/lib/action_dispatch/middleware/remote_ip.rb:81:in `call'
vendor/bundle/gems/actionpack-5.2.2.1/lib/action_dispatch/middleware/request_id.rb:27:in `call'
vendor/bundle/gems/rack-2.0.6/lib/rack/method_override.rb:22:in `call'
vendor/bundle/gems/rack-2.0.6/lib/rack/runtime.rb:22:in `call'
vendor/bundle/gems/activesupport-5.2.2.1/lib/active_support/cache/strategy/local_cache_middleware.rb:29:in `call'
vendor/bundle/gems/actionpack-5.2.2.1/lib/action_dispatch/middleware/executor.rb:14:in `call'
vendor/bundle/gems/actionpack-5.2.2.1/lib/action_dispatch/middleware/static.rb:127:in `call'
vendor/bundle/gems/rack-2.0.6/lib/rack/sendfile.rb:111:in `call'
vendor/bundle/gems/railties-5.2.2.1/lib/rails/engine.rb:524:in `call'
vendor/bundle/gems/puma-3.12.0/lib/puma/configuration.rb:225:in `call'
vendor/bundle/gems/puma-3.12.0/lib/puma/server.rb:658:in `handle_request'
vendor/bundle/gems/puma-3.12.0/lib/puma/server.rb:472:in `process_client'
vendor/bundle/gems/puma-3.12.0/lib/puma/server.rb:332:in `block in run'
vendor/bundle/gems/puma-3.12.0/lib/puma/thread_pool.rb:133:in `block in spawn_thread'
Started GET "/static_pages/" for 127.0.0.1 at 2019-03-18 15:50:55 +0900
  
ActionController::RoutingError (No route matches [GET] "/static_pages"):
  
vendor/bundle/gems/actionpack-5.2.2.1/lib/action_dispatch/middleware/debug_exceptions.rb:65:in `call'
vendor/bundle/gems/web-console-3.7.0/lib/web_console/middleware.rb:135:in `call_app'
vendor/bundle/gems/web-console-3.7.0/lib/web_console/middleware.rb:30:in `block in call'
vendor/bundle/gems/web-console-3.7.0/lib/web_console/middleware.rb:20:in `catch'
vendor/bundle/gems/web-console-3.7.0/lib/web_console/middleware.rb:20:in `call'
vendor/bundle/gems/actionpack-5.2.2.1/lib/action_dispatch/middleware/show_exceptions.rb:33:in `call'
vendor/bundle/gems/railties-5.2.2.1/lib/rails/rack/logger.rb:38:in `call_app'
vendor/bundle/gems/railties-5.2.2.1/lib/rails/rack/logger.rb:26:in `block in call'
vendor/bundle/gems/activesupport-5.2.2.1/lib/active_support/tagged_logging.rb:71:in `block in tagged'
vendor/bundle/gems/activesupport-5.2.2.1/lib/active_support/tagged_logging.rb:28:in `tagged'
vendor/bundle/gems/activesupport-5.2.2.1/lib/active_support/tagged_logging.rb:71:in `tagged'
vendor/bundle/gems/railties-5.2.2.1/lib/rails/rack/logger.rb:26:in `call'
vendor/bundle/gems/sprockets-rails-3.2.1/lib/sprockets/rails/quiet_assets.rb:13:in `call'
vendor/bundle/gems/actionpack-5.2.2.1/lib/action_dispatch/middleware/remote_ip.rb:81:in `call'
vendor/bundle/gems/actionpack-5.2.2.1/lib/action_dispatch/middleware/request_id.rb:27:in `call'
vendor/bundle/gems/rack-2.0.6/lib/rack/method_override.rb:22:in `call'
vendor/bundle/gems/rack-2.0.6/lib/rack/runtime.rb:22:in `call'
vendor/bundle/gems/activesupport-5.2.2.1/lib/active_support/cache/strategy/local_cache_middleware.rb:29:in `call'
vendor/bundle/gems/actionpack-5.2.2.1/lib/action_dispatch/middleware/executor.rb:14:in `call'
vendor/bundle/gems/actionpack-5.2.2.1/lib/action_dispatch/middleware/static.rb:127:in `call'
vendor/bundle/gems/rack-2.0.6/lib/rack/sendfile.rb:111:in `call'
vendor/bundle/gems/railties-5.2.2.1/lib/rails/engine.rb:524:in `call'
vendor/bundle/gems/puma-3.12.0/lib/puma/configuration.rb:225:in `call'
vendor/bundle/gems/puma-3.12.0/lib/puma/server.rb:658:in `handle_request'
vendor/bundle/gems/puma-3.12.0/lib/puma/server.rb:472:in `process_client'
vendor/bundle/gems/puma-3.12.0/lib/puma/server.rb:332:in `block in run'
vendor/bundle/gems/puma-3.12.0/lib/puma/thread_pool.rb:133:in `block in spawn_thread'
Started GET "/" for 127.0.0.1 at 2019-03-18 15:51:03 +0900
Processing by StaticPagesController#home as HTML
  Rendering static_pages/home.html.erb within layouts/application
  Rendered static_pages/home.html.erb within layouts/application (0.5ms)
Completed 200 OK in 412ms (Views: 409.8ms | ActiveRecord: 0.0ms)


Started GET "/" for 127.0.0.1 at 2019-03-18 20:23:17 +0900
Processing by StaticPagesController#home as HTML
  Rendering static_pages/home.html.erb within layouts/application
  Rendered static_pages/home.html.erb within layouts/application (1.5ms)
Completed 200 OK in 375ms (Views: 363.2ms | ActiveRecord: 0.0ms)


Started GET "/" for 127.0.0.1 at 2019-03-18 20:34:37 +0900
Processing by StaticPagesController#home as HTML
  Rendering static_pages/home.html.erb within layouts/application
  Rendered static_pages/home.html.erb within layouts/application (1.9ms)
Completed 200 OK in 315ms (Views: 302.6ms | ActiveRecord: 0.0ms)


Started GET "/" for 127.0.0.1 at 2019-03-23 18:40:12 +0900
Processing by StaticPagesController#home as HTML
  Rendering static_pages/home.html.erb within layouts/application
  Rendered static_pages/home.html.erb within layouts/application (2.2ms)
Completed 200 OK in 447ms (Views: 424.7ms | ActiveRecord: 0.0ms)


Started GET "/" for 127.0.0.1 at 2019-03-23 18:46:26 +0900
Processing by StaticPagesController#home as HTML
  Rendering static_pages/home.html.erb within layouts/application
  Rendered static_pages/home.html.erb within layouts/application (0.9ms)
Completed 500 Internal Server Error in 57ms (ActiveRecord: 0.0ms)


  
ActionView::Template::Error (The asset "rails.png" is not present in the asset pipeline.):
    42:         <%= link_to "Sign up now!", '#', class: "btn btn-lg btn-primary" %>
    43:     </div>
    44: 
    45:     <%= link_to image_tag("rails.png", alt:"Rails logo"), 'http://rubyonrails.org/' %>
    46:   </body>
    47: </html>
  
app/views/layouts/application.html.erb:45:in `_app_views_layouts_application_html_erb__3015997358974749075_70128567705860'
Started GET "/" for 127.0.0.1 at 2019-03-23 18:49:21 +0900
Processing by StaticPagesController#home as HTML
  Rendering static_pages/home.html.erb within layouts/application
  Rendered static_pages/home.html.erb within layouts/application (0.5ms)
Completed 200 OK in 271ms (Views: 268.6ms | ActiveRecord: 0.0ms)


Started GET "/" for 127.0.0.1 at 2019-03-23 18:52:25 +0900
Processing by StaticPagesController#home as HTML
  Rendering static_pages/home.html.erb within layouts/application
  Rendered static_pages/home.html.erb within layouts/application (13.4ms)
Completed 200 OK in 58ms (Views: 51.2ms | ActiveRecord: 0.0ms)


Started GET "/" for 127.0.0.1 at 2019-03-23 18:52:41 +0900
Processing by StaticPagesController#home as HTML
  Rendering static_pages/home.html.erb within layouts/application
  Rendered static_pages/home.html.erb within layouts/application (2.5ms)
Completed 200 OK in 37ms (Views: 34.5ms | ActiveRecord: 0.0ms)


Started GET "/" for 127.0.0.1 at 2019-03-23 19:00:25 +0900
Processing by StaticPagesController#home as HTML
  Rendering static_pages/home.html.erb within layouts/application
  Rendered static_pages/home.html.erb within layouts/application (11.3ms)
Completed 200 OK in 110ms (Views: 104.3ms | ActiveRecord: 0.0ms)


Started GET "/" for 127.0.0.1 at 2019-03-23 19:01:05 +0900
Processing by StaticPagesController#home as HTML
  Rendering static_pages/home.html.erb within layouts/application
  Rendered static_pages/home.html.erb within layouts/application (3.8ms)
Completed 200 OK in 39ms (Views: 36.6ms | ActiveRecord: 0.0ms)


Started GET "/" for 127.0.0.1 at 2019-03-23 19:01:30 +0900
Processing by StaticPagesController#home as HTML
  Rendering static_pages/home.html.erb within layouts/application
  Rendered static_pages/home.html.erb within layouts/application (51.0ms)
Completed 200 OK in 75ms (Views: 72.8ms | ActiveRecord: 0.0ms)


Started GET "/" for 127.0.0.1 at 2019-03-23 19:13:55 +0900
Processing by StaticPagesController#home as HTML
  Rendering static_pages/home.html.erb within layouts/application
  Rendered static_pages/home.html.erb within layouts/application (3976.3ms)
Completed 200 OK in 4068ms (Views: 4052.4ms | ActiveRecord: 0.0ms)


Started GET "/" for 127.0.0.1 at 2019-03-23 19:18:28 +0900
Processing by StaticPagesController#home as HTML
  Rendering static_pages/home.html.erb within layouts/application
  Rendered static_pages/home.html.erb within layouts/application (11.2ms)
Completed 500 Internal Server Error in 141ms (ActiveRecord: 0.0ms)


  
ActionView::Template::Error (Invalid CSS after "...adding-top 60px": expected "{", was ";"):
     5:     <%= csrf_meta_tags %>
     6:     <%= csp_meta_tag %>
     7: 
     8:     <%= stylesheet_link_tag    'application', media: 'all', 'data-turbolinks-track': 'reload' %>
     9:     <%= javascript_include_tag 'application', 'data-turbolinks-track': 'reload' %>
    10: 
    11: <!--[it lt IE 9]>
  
app/assets/stylesheets/custom.scss:7
app/views/layouts/application.html.erb:8:in `_app_views_layouts_application_html_erb__2565861932009919096_70225288904380'
Started GET "/" for 127.0.0.1 at 2019-03-23 19:18:58 +0900
Processing by StaticPagesController#home as HTML
  Rendering static_pages/home.html.erb within layouts/application
  Rendered static_pages/home.html.erb within layouts/application (3.3ms)
Completed 200 OK in 1684ms (Views: 1681.5ms | ActiveRecord: 0.0ms)


Started GET "/" for 127.0.0.1 at 2019-03-23 19:26:35 +0900
Processing by StaticPagesController#home as HTML
  Rendering static_pages/home.html.erb within layouts/application
  Rendered static_pages/home.html.erb within layouts/application (9.6ms)
Completed 200 OK in 1931ms (Views: 1924.8ms | ActiveRecord: 0.0ms)


Started GET "/" for 127.0.0.1 at 2019-03-23 19:31:05 +0900
Processing by StaticPagesController#home as HTML
  Rendering static_pages/home.html.erb within layouts/application
  Rendered static_pages/home.html.erb within layouts/application (19.6ms)
Completed 200 OK in 2166ms (Views: 2158.6ms | ActiveRecord: 0.0ms)


Started GET "/" for 127.0.0.1 at 2019-03-23 19:32:18 +0900
Processing by StaticPagesController#home as HTML
  Rendering static_pages/home.html.erb within layouts/application
  Rendered static_pages/home.html.erb within layouts/application (4.6ms)
Completed 200 OK in 1653ms (Views: 1651.5ms | ActiveRecord: 0.0ms)


Started GET "/" for 127.0.0.1 at 2019-03-23 19:46:16 +0900
Processing by StaticPagesController#home as HTML
  Rendering static_pages/home.html.erb within layouts/application
  Rendered static_pages/home.html.erb within layouts/application (12.4ms)
  Rendered layouts/_shim.html.erb (2.1ms)
  Rendered layouts/_header.html.erb (2.4ms)
  Rendered layouts/_footer.html.erb (1.7ms)
Completed 200 OK in 99ms (Views: 90.6ms | ActiveRecord: 0.0ms)


Started GET "/" for 127.0.0.1 at 2019-03-23 19:46:39 +0900
Processing by StaticPagesController#home as HTML
  Rendering static_pages/home.html.erb within layouts/application
  Rendered static_pages/home.html.erb within layouts/application (3.2ms)
  Rendered layouts/_shim.html.erb (0.7ms)
  Rendered layouts/_header.html.erb (1.8ms)
  Rendered layouts/_footer.html.erb (1.2ms)
Completed 200 OK in 226ms (Views: 223.8ms | ActiveRecord: 0.0ms)


Started GET "/" for 127.0.0.1 at 2019-03-23 19:49:14 +0900
Processing by StaticPagesController#home as HTML
  Rendering static_pages/home.html.erb within layouts/application
  Rendered static_pages/home.html.erb within layouts/application (2.4ms)
  Rendered layouts/_shim.html.erb (0.3ms)
  Rendered layouts/_header.html.erb (0.4ms)
  Rendered layouts/_footer.html.erb (0.5ms)
Completed 200 OK in 1803ms (Views: 1802.1ms | ActiveRecord: 0.0ms)


Started GET "/" for 127.0.0.1 at 2019-03-23 20:08:11 +0900
Processing by StaticPagesController#home as HTML
  Rendering static_pages/home.html.erb within layouts/application
  Rendered static_pages/home.html.erb within layouts/application (2387.7ms)
  Rendered layouts/_shim.html.erb (0.4ms)
  Rendered layouts/_head.html.erb (69.5ms)
  Rendered layouts/_header.html.erb (0.5ms)
  Rendered layouts/_footer.html.erb (0.7ms)
Completed 200 OK in 2484ms (Views: 2474.4ms | ActiveRecord: 0.0ms)


Started GET "/" for 127.0.0.1 at 2019-03-23 20:16:44 +0900
Processing by StaticPagesController#home as HTML
  Rendering static_pages/home.html.erb within layouts/application
  Rendered static_pages/home.html.erb within layouts/application (11.6ms)
  Rendered layouts/_shim.html.erb (0.5ms)
  Rendered layouts/_head.html.erb (1969.0ms)
  Rendered layouts/_header.html.erb (0.9ms)
  Rendered layouts/_footer.html.erb (0.7ms)
Completed 200 OK in 2002ms (Views: 1994.0ms | ActiveRecord: 0.0ms)


Started GET "/" for 127.0.0.1 at 2019-03-23 20:19:06 +0900
Processing by StaticPagesController#home as HTML
  Rendering static_pages/home.html.erb within layouts/application
  Rendered static_pages/home.html.erb within layouts/application (2.3ms)
  Rendered layouts/_shim.html.erb (0.4ms)
  Rendered layouts/_head.html.erb (1611.8ms)
  Rendered layouts/_header.html.erb (0.5ms)
  Rendered layouts/_footer.html.erb (0.4ms)
Completed 200 OK in 1624ms (Views: 1622.6ms | ActiveRecord: 0.0ms)


Started GET "/" for 127.0.0.1 at 2019-03-23 20:21:25 +0900
Processing by StaticPagesController#home as HTML
  Rendering static_pages/home.html.erb within layouts/application
  Rendered static_pages/home.html.erb within layouts/application (2.6ms)
  Rendered layouts/_shim.html.erb (0.4ms)
  Rendered layouts/_head.html.erb (1651.3ms)
  Rendered layouts/_header.html.erb (0.6ms)
  Rendered layouts/_footer.html.erb (0.4ms)
Completed 200 OK in 1664ms (Views: 1662.0ms | ActiveRecord: 0.0ms)


Started GET "/" for 127.0.0.1 at 2019-03-23 20:26:50 +0900
Processing by StaticPagesController#home as HTML
  Rendering static_pages/home.html.erb within layouts/application
  Rendered static_pages/home.html.erb within layouts/application (3.8ms)
  Rendered layouts/_shim.html.erb (0.4ms)
  Rendered layouts/_head.html.erb (1704.9ms)
  Rendered layouts/_header.html.erb (0.6ms)
  Rendered layouts/_footer.html.erb (0.5ms)
Completed 200 OK in 1721ms (Views: 1718.6ms | ActiveRecord: 0.0ms)


Started GET "/" for 127.0.0.1 at 2019-03-23 21:53:01 +0900
Processing by StaticPagesController#home as HTML
  Rendering static_pages/home.html.erb within layouts/application
  Rendered static_pages/home.html.erb within layouts/application (5.5ms)
  Rendered layouts/_shim.html.erb (0.3ms)
  Rendered layouts/_head.html.erb (41.9ms)
  Rendered layouts/_header.html.erb (1.3ms)
  Rendered layouts/_footer.html.erb (0.4ms)
Completed 200 OK in 61ms (Views: 57.5ms | ActiveRecord: 0.0ms)


Started GET "/help" for 127.0.0.1 at 2019-03-23 21:53:04 +0900
Processing by StaticPagesController#help as HTML
  Rendering static_pages/help.html.erb within layouts/application
  Rendered static_pages/help.html.erb within layouts/application (1.3ms)
  Rendered layouts/_shim.html.erb (0.4ms)
  Rendered layouts/_head.html.erb (48.2ms)
  Rendered layouts/_header.html.erb (1.1ms)
  Rendered layouts/_footer.html.erb (0.7ms)
Completed 200 OK in 63ms (Views: 60.0ms | ActiveRecord: 0.0ms)


Started GET "/" for 127.0.0.1 at 2019-03-23 21:53:06 +0900
Processing by StaticPagesController#home as HTML
  Rendering static_pages/home.html.erb within layouts/application
  Rendered static_pages/home.html.erb within layouts/application (3.3ms)
  Rendered layouts/_shim.html.erb (0.4ms)
  Rendered layouts/_head.html.erb (43.7ms)
  Rendered layouts/_header.html.erb (0.7ms)
  Rendered layouts/_footer.html.erb (0.8ms)
Completed 200 OK in 58ms (Views: 56.7ms | ActiveRecord: 0.0ms)


Started GET "/about" for 127.0.0.1 at 2019-03-23 21:53:07 +0900
Processing by StaticPagesController#about as HTML
  Rendering static_pages/about.html.erb within layouts/application
  Rendered static_pages/about.html.erb within layouts/application (0.6ms)
  Rendered layouts/_shim.html.erb (0.7ms)
  Rendered layouts/_head.html.erb (40.2ms)
  Rendered layouts/_header.html.erb (0.8ms)
  Rendered layouts/_footer.html.erb (0.6ms)
Completed 200 OK in 52ms (Views: 48.4ms | ActiveRecord: 0.0ms)


Started GET "/contact" for 127.0.0.1 at 2019-03-23 21:53:09 +0900
Processing by StaticPagesController#contact as HTML
  Rendering static_pages/contact.html.erb within layouts/application
  Rendered static_pages/contact.html.erb within layouts/application (0.5ms)
  Rendered layouts/_shim.html.erb (0.3ms)
  Rendered layouts/_head.html.erb (52.8ms)
  Rendered layouts/_header.html.erb (1.0ms)
  Rendered layouts/_footer.html.erb (0.6ms)
Completed 200 OK in 64ms (Views: 62.2ms | ActiveRecord: 0.0ms)


Started GET "/about" for 127.0.0.1 at 2019-03-23 21:53:10 +0900
Processing by StaticPagesController#about as HTML
  Rendering static_pages/about.html.erb within layouts/application
  Rendered static_pages/about.html.erb within layouts/application (0.9ms)
  Rendered layouts/_shim.html.erb (0.5ms)
  Rendered layouts/_head.html.erb (54.0ms)
  Rendered layouts/_header.html.erb (0.9ms)
  Rendered layouts/_footer.html.erb (0.6ms)
Completed 200 OK in 67ms (Views: 63.2ms | ActiveRecord: 0.0ms)


Started GET "/about" for 127.0.0.1 at 2019-03-23 21:53:16 +0900
Processing by StaticPagesController#about as HTML
  Rendering static_pages/about.html.erb within layouts/application
  Rendered static_pages/about.html.erb within layouts/application (0.6ms)
  Rendered layouts/_shim.html.erb (0.3ms)
  Rendered layouts/_head.html.erb (36.9ms)
  Rendered layouts/_header.html.erb (0.6ms)
  Rendered layouts/_footer.html.erb (0.4ms)
Completed 200 OK in 50ms (Views: 47.9ms | ActiveRecord: 0.0ms)


Started GET "/about" for 127.0.0.1 at 2019-03-23 21:53:18 +0900
Processing by StaticPagesController#about as HTML
  Rendering static_pages/about.html.erb within layouts/application
  Rendered static_pages/about.html.erb within layouts/application (0.5ms)
  Rendered layouts/_shim.html.erb (0.4ms)
  Rendered layouts/_head.html.erb (38.0ms)
  Rendered layouts/_header.html.erb (0.8ms)
  Rendered layouts/_footer.html.erb (0.4ms)
Completed 200 OK in 47ms (Views: 45.9ms | ActiveRecord: 0.0ms)


Started GET "/about" for 127.0.0.1 at 2019-03-23 21:53:18 +0900
Processing by StaticPagesController#about as HTML
  Rendering static_pages/about.html.erb within layouts/application
  Rendered static_pages/about.html.erb within layouts/application (0.7ms)
  Rendered layouts/_shim.html.erb (0.4ms)
  Rendered layouts/_head.html.erb (41.6ms)
  Rendered layouts/_header.html.erb (0.9ms)
  Rendered layouts/_footer.html.erb (0.5ms)
Completed 200 OK in 54ms (Views: 52.5ms | ActiveRecord: 0.0ms)


Started GET "/" for 127.0.0.1 at 2019-03-23 21:53:19 +0900
Processing by StaticPagesController#home as HTML
  Rendering static_pages/home.html.erb within layouts/application
  Rendered static_pages/home.html.erb within layouts/application (5.1ms)
  Rendered layouts/_shim.html.erb (0.3ms)
  Rendered layouts/_head.html.erb (40.2ms)
  Rendered layouts/_header.html.erb (0.6ms)
  Rendered layouts/_footer.html.erb (0.4ms)
Completed 200 OK in 57ms (Views: 54.7ms | ActiveRecord: 0.0ms)


Started GET "/" for 127.0.0.1 at 2019-03-23 23:03:40 +0900
  
SyntaxError (/Users/rubio/Documents/sample_app/config/routes.rb:3: syntax error, unexpected tIDENTIFIER, expecting end
    get '/signup' to: 'users#new'
                  ^~):
  
config/routes.rb:3: syntax error, unexpected tIDENTIFIER, expecting end
Started GET "/" for 127.0.0.1 at 2019-03-23 23:04:37 +0900
Processing by StaticPagesController#home as HTML
  Rendering static_pages/home.html.erb within layouts/application
  Rendered static_pages/home.html.erb within layouts/application (4.8ms)
  Rendered layouts/_shim.html.erb (0.5ms)
  Rendered layouts/_head.html.erb (244.7ms)
  Rendered layouts/_header.html.erb (0.9ms)
  Rendered layouts/_footer.html.erb (1.1ms)
Completed 200 OK in 263ms (Views: 260.5ms | ActiveRecord: 0.0ms)


Started GET "/signup" for 127.0.0.1 at 2019-03-23 23:04:41 +0900
Processing by UsersController#new as HTML
  Rendering users/new.html.erb within layouts/application
  Rendered users/new.html.erb within layouts/application (0.6ms)
  Rendered layouts/_shim.html.erb (0.6ms)
  Rendered layouts/_head.html.erb (57.5ms)
  Rendered layouts/_header.html.erb (1.1ms)
  Rendered layouts/_footer.html.erb (0.6ms)
Completed 200 OK in 76ms (Views: 73.8ms | ActiveRecord: 0.0ms)


